d:\onedrive - uppsala universitet\university\programming\ai i\project sdl\cyanide\build\intermediate\cyanide-core\debug\cyanide-core.pdb
d:\onedrive - uppsala universitet\university\programming\ai i\project sdl\cyanide\build\intermediate\cyanide-core\debug\cyanide-core.idb
d:\onedrive - uppsala universitet\university\programming\ai i\project sdl\cyanide\build\intermediate\cyanide-core\debug\main.obj
d:\onedrive - uppsala universitet\university\programming\ai i\project sdl\cyanide\build\intermediate\cyanide-core\debug\core.obj
d:\onedrive - uppsala universitet\university\programming\ai i\project sdl\cyanide\build\intermediate\cyanide-core\debug\application.obj
d:\onedrive - uppsala universitet\university\programming\ai i\project sdl\cyanide\build\intermediate\cyanide-core\debug\texture.obj
d:\onedrive - uppsala universitet\university\programming\ai i\project sdl\cyanide\build\intermediate\cyanide-core\debug\sprite.obj
d:\onedrive - uppsala universitet\university\programming\ai i\project sdl\cyanide\build\intermediate\cyanide-core\debug\sound.obj
d:\onedrive - uppsala universitet\university\programming\ai i\project sdl\cyanide\build\intermediate\cyanide-core\debug\music.obj
d:\onedrive - uppsala universitet\university\programming\ai i\project sdl\cyanide\build\intermediate\cyanide-core\debug\cyanide_math.obj
d:\onedrive - uppsala universitet\university\programming\ai i\project sdl\cyanide\build\intermediate\cyanide-core\debug\transformation.obj
d:\onedrive - uppsala universitet\university\programming\ai i\project sdl\cyanide\build\intermediate\cyanide-core\debug\rendering.obj
d:\onedrive - uppsala universitet\university\programming\ai i\project sdl\cyanide\build\intermediate\cyanide-core\debug\renderable.obj
d:\onedrive - uppsala universitet\university\programming\ai i\project sdl\cyanide\build\intermediate\cyanide-core\debug\behavioural.obj
d:\onedrive - uppsala universitet\university\programming\ai i\project sdl\cyanide\build\intermediate\cyanide-core\debug\entity.obj
d:\onedrive - uppsala universitet\university\programming\ai i\project sdl\cyanide\build\intermediate\cyanide-core\debug\entities.obj
d:\onedrive - uppsala universitet\university\programming\ai i\project sdl\cyanide\build\intermediate\cyanide-core\debug\collider.obj
d:\onedrive - uppsala universitet\university\programming\ai i\project sdl\cyanide\build\intermediate\cyanide-core\debug\updatable.obj
d:\onedrive - uppsala universitet\university\programming\ai i\project sdl\cyanide\build\intermediate\cyanide-core\debug\collidable.obj
d:\onedrive - uppsala universitet\university\programming\ai i\project sdl\cyanide\build\intermediate\cyanide-core\debug\transform.obj
d:\onedrive - uppsala universitet\university\programming\ai i\project sdl\cyanide\build\cyanide-core.x64.debug.lib
d:\onedrive - uppsala universitet\university\programming\ai i\project sdl\cyanide\cyanide-core\..\build\cyanide-core.x64.debug.lib
d:\onedrive - uppsala universitet\university\programming\ai i\project sdl\cyanide\build\intermediate\cyanide-core\debug\cyanide-core.tlog\cl.command.1.tlog
d:\onedrive - uppsala universitet\university\programming\ai i\project sdl\cyanide\build\intermediate\cyanide-core\debug\cyanide-core.tlog\cl.read.1.tlog
d:\onedrive - uppsala universitet\university\programming\ai i\project sdl\cyanide\build\intermediate\cyanide-core\debug\cyanide-core.tlog\cl.write.1.tlog
d:\onedrive - uppsala universitet\university\programming\ai i\project sdl\cyanide\build\intermediate\cyanide-core\debug\cyanide-core.tlog\lib-link.read.1.tlog
d:\onedrive - uppsala universitet\university\programming\ai i\project sdl\cyanide\build\intermediate\cyanide-core\debug\cyanide-core.tlog\lib-link.write.1.tlog
d:\onedrive - uppsala universitet\university\programming\ai i\project sdl\cyanide\build\intermediate\cyanide-core\debug\cyanide-core.tlog\lib.command.1.tlog
